{"/home/evn/dev/DrugAddictionEXTENDED/webclient/src/Utils.js": {"path":"/home/evn/dev/DrugAddictionEXTENDED/webclient/src/Utils.js","statementMap":{"0":{"start":{"line":4,"column":2},"end":{"line":8,"column":3}},"1":{"start":{"line":5,"column":4},"end":{"line":5,"column":21}},"2":{"start":{"line":7,"column":4},"end":{"line":7,"column":15}},"3":{"start":{"line":12,"column":15},"end":{"line":12,"column":17}},"4":{"start":{"line":14,"column":2},"end":{"line":28,"column":3}},"5":{"start":{"line":15,"column":4},"end":{"line":15,"column":17}},"6":{"start":{"line":16,"column":9},"end":{"line":28,"column":3}},"7":{"start":{"line":17,"column":4},"end":{"line":17,"column":17}},"8":{"start":{"line":18,"column":9},"end":{"line":28,"column":3}},"9":{"start":{"line":19,"column":4},"end":{"line":19,"column":17}},"10":{"start":{"line":20,"column":9},"end":{"line":28,"column":3}},"11":{"start":{"line":21,"column":4},"end":{"line":21,"column":17}},"12":{"start":{"line":22,"column":9},"end":{"line":28,"column":3}},"13":{"start":{"line":23,"column":4},"end":{"line":23,"column":17}},"14":{"start":{"line":24,"column":9},"end":{"line":28,"column":3}},"15":{"start":{"line":25,"column":4},"end":{"line":25,"column":17}},"16":{"start":{"line":26,"column":9},"end":{"line":28,"column":3}},"17":{"start":{"line":27,"column":4},"end":{"line":27,"column":17}},"18":{"start":{"line":30,"column":2},"end":{"line":30,"column":16}}},"fnMap":{"0":{"name":"addLeadingZero","decl":{"start":{"line":3,"column":16},"end":{"line":3,"column":30}},"loc":{"start":{"line":3,"column":36},"end":{"line":9,"column":1}},"line":3},"1":{"name":"getLabel","decl":{"start":{"line":11,"column":16},"end":{"line":11,"column":24}},"loc":{"start":{"line":11,"column":39},"end":{"line":31,"column":1}},"line":11}},"branchMap":{"0":{"loc":{"start":{"line":4,"column":2},"end":{"line":8,"column":3}},"type":"if","locations":[{"start":{"line":4,"column":2},"end":{"line":8,"column":3}},{"start":{"line":4,"column":2},"end":{"line":8,"column":3}}],"line":4},"1":{"loc":{"start":{"line":14,"column":2},"end":{"line":28,"column":3}},"type":"if","locations":[{"start":{"line":14,"column":2},"end":{"line":28,"column":3}},{"start":{"line":14,"column":2},"end":{"line":28,"column":3}}],"line":14},"2":{"loc":{"start":{"line":14,"column":6},"end":{"line":14,"column":38}},"type":"binary-expr","locations":[{"start":{"line":14,"column":6},"end":{"line":14,"column":22}},{"start":{"line":14,"column":26},"end":{"line":14,"column":38}}],"line":14},"3":{"loc":{"start":{"line":16,"column":9},"end":{"line":28,"column":3}},"type":"if","locations":[{"start":{"line":16,"column":9},"end":{"line":28,"column":3}},{"start":{"line":16,"column":9},"end":{"line":28,"column":3}}],"line":16},"4":{"loc":{"start":{"line":16,"column":13},"end":{"line":16,"column":46}},"type":"binary-expr","locations":[{"start":{"line":16,"column":13},"end":{"line":16,"column":30}},{"start":{"line":16,"column":34},"end":{"line":16,"column":46}}],"line":16},"5":{"loc":{"start":{"line":18,"column":9},"end":{"line":28,"column":3}},"type":"if","locations":[{"start":{"line":18,"column":9},"end":{"line":28,"column":3}},{"start":{"line":18,"column":9},"end":{"line":28,"column":3}}],"line":18},"6":{"loc":{"start":{"line":18,"column":13},"end":{"line":18,"column":49}},"type":"binary-expr","locations":[{"start":{"line":18,"column":13},"end":{"line":18,"column":33}},{"start":{"line":18,"column":37},"end":{"line":18,"column":49}}],"line":18},"7":{"loc":{"start":{"line":20,"column":9},"end":{"line":28,"column":3}},"type":"if","locations":[{"start":{"line":20,"column":9},"end":{"line":28,"column":3}},{"start":{"line":20,"column":9},"end":{"line":28,"column":3}}],"line":20},"8":{"loc":{"start":{"line":20,"column":13},"end":{"line":20,"column":52}},"type":"binary-expr","locations":[{"start":{"line":20,"column":13},"end":{"line":20,"column":36}},{"start":{"line":20,"column":40},"end":{"line":20,"column":52}}],"line":20},"9":{"loc":{"start":{"line":22,"column":9},"end":{"line":28,"column":3}},"type":"if","locations":[{"start":{"line":22,"column":9},"end":{"line":28,"column":3}},{"start":{"line":22,"column":9},"end":{"line":28,"column":3}}],"line":22},"10":{"loc":{"start":{"line":22,"column":13},"end":{"line":22,"column":45}},"type":"binary-expr","locations":[{"start":{"line":22,"column":13},"end":{"line":22,"column":29}},{"start":{"line":22,"column":33},"end":{"line":22,"column":45}}],"line":22},"11":{"loc":{"start":{"line":24,"column":9},"end":{"line":28,"column":3}},"type":"if","locations":[{"start":{"line":24,"column":9},"end":{"line":28,"column":3}},{"start":{"line":24,"column":9},"end":{"line":28,"column":3}}],"line":24},"12":{"loc":{"start":{"line":24,"column":13},"end":{"line":24,"column":53}},"type":"binary-expr","locations":[{"start":{"line":24,"column":13},"end":{"line":24,"column":37}},{"start":{"line":24,"column":41},"end":{"line":24,"column":53}}],"line":24},"13":{"loc":{"start":{"line":26,"column":9},"end":{"line":28,"column":3}},"type":"if","locations":[{"start":{"line":26,"column":9},"end":{"line":28,"column":3}},{"start":{"line":26,"column":9},"end":{"line":28,"column":3}}],"line":26},"14":{"loc":{"start":{"line":26,"column":13},"end":{"line":26,"column":46}},"type":"binary-expr","locations":[{"start":{"line":26,"column":13},"end":{"line":26,"column":30}},{"start":{"line":26,"column":34},"end":{"line":26,"column":46}}],"line":26}},"s":{"0":0,"1":0,"2":0,"3":0,"4":0,"5":0,"6":0,"7":0,"8":0,"9":0,"10":0,"11":0,"12":0,"13":0,"14":0,"15":0,"16":0,"17":0,"18":0},"f":{"0":0,"1":0},"b":{"0":[0,0],"1":[0,0],"2":[0,0],"3":[0,0],"4":[0,0],"5":[0,0],"6":[0,0],"7":[0,0],"8":[0,0],"9":[0,0],"10":[0,0],"11":[0,0],"12":[0,0],"13":[0,0],"14":[0,0]}}
,"/home/evn/dev/DrugAddictionEXTENDED/webclient/src/components/QuestionnaireTable/TableData.js": {"path":"/home/evn/dev/DrugAddictionEXTENDED/webclient/src/components/QuestionnaireTable/TableData.js","statementMap":{"0":{"start":{"line":3,"column":16},"end":{"line":5,"column":1}},"1":{"start":{"line":9,"column":4},"end":{"line":9,"column":17}},"2":{"start":{"line":11,"column":4},"end":{"line":11,"column":30}},"3":{"start":{"line":15,"column":17},"end":{"line":15,"column":32}},"4":{"start":{"line":16,"column":19},"end":{"line":16,"column":33}},"5":{"start":{"line":18,"column":4},"end":{"line":32,"column":5}},"6":{"start":{"line":19,"column":6},"end":{"line":19,"column":35}},"7":{"start":{"line":20,"column":11},"end":{"line":32,"column":5}},"8":{"start":{"line":21,"column":6},"end":{"line":21,"column":35}},"9":{"start":{"line":22,"column":11},"end":{"line":32,"column":5}},"10":{"start":{"line":23,"column":6},"end":{"line":23,"column":35}},"11":{"start":{"line":24,"column":11},"end":{"line":32,"column":5}},"12":{"start":{"line":25,"column":6},"end":{"line":25,"column":35}},"13":{"start":{"line":26,"column":11},"end":{"line":32,"column":5}},"14":{"start":{"line":27,"column":6},"end":{"line":27,"column":35}},"15":{"start":{"line":28,"column":11},"end":{"line":32,"column":5}},"16":{"start":{"line":29,"column":6},"end":{"line":29,"column":35}},"17":{"start":{"line":30,"column":11},"end":{"line":32,"column":5}},"18":{"start":{"line":31,"column":6},"end":{"line":31,"column":35}},"19":{"start":{"line":38,"column":4},"end":{"line":42,"column":6}}},"fnMap":{"0":{"name":"(anonymous_0)","decl":{"start":{"line":8,"column":2},"end":{"line":8,"column":3}},"loc":{"start":{"line":8,"column":21},"end":{"line":12,"column":3}},"line":8},"1":{"name":"(anonymous_1)","decl":{"start":{"line":14,"column":2},"end":{"line":14,"column":3}},"loc":{"start":{"line":14,"column":22},"end":{"line":33,"column":3}},"line":14},"2":{"name":"(anonymous_2)","decl":{"start":{"line":35,"column":2},"end":{"line":35,"column":3}},"loc":{"start":{"line":35,"column":18},"end":{"line":35,"column":20}},"line":35},"3":{"name":"(anonymous_3)","decl":{"start":{"line":37,"column":2},"end":{"line":37,"column":3}},"loc":{"start":{"line":37,"column":11},"end":{"line":43,"column":3}},"line":37}},"branchMap":{"0":{"loc":{"start":{"line":18,"column":4},"end":{"line":32,"column":5}},"type":"if","locations":[{"start":{"line":18,"column":4},"end":{"line":32,"column":5}},{"start":{"line":18,"column":4},"end":{"line":32,"column":5}}],"line":18},"1":{"loc":{"start":{"line":18,"column":8},"end":{"line":18,"column":40}},"type":"binary-expr","locations":[{"start":{"line":18,"column":8},"end":{"line":18,"column":24}},{"start":{"line":18,"column":28},"end":{"line":18,"column":40}}],"line":18},"2":{"loc":{"start":{"line":20,"column":11},"end":{"line":32,"column":5}},"type":"if","locations":[{"start":{"line":20,"column":11},"end":{"line":32,"column":5}},{"start":{"line":20,"column":11},"end":{"line":32,"column":5}}],"line":20},"3":{"loc":{"start":{"line":20,"column":15},"end":{"line":20,"column":48}},"type":"binary-expr","locations":[{"start":{"line":20,"column":15},"end":{"line":20,"column":32}},{"start":{"line":20,"column":36},"end":{"line":20,"column":48}}],"line":20},"4":{"loc":{"start":{"line":22,"column":11},"end":{"line":32,"column":5}},"type":"if","locations":[{"start":{"line":22,"column":11},"end":{"line":32,"column":5}},{"start":{"line":22,"column":11},"end":{"line":32,"column":5}}],"line":22},"5":{"loc":{"start":{"line":22,"column":15},"end":{"line":22,"column":51}},"type":"binary-expr","locations":[{"start":{"line":22,"column":15},"end":{"line":22,"column":35}},{"start":{"line":22,"column":39},"end":{"line":22,"column":51}}],"line":22},"6":{"loc":{"start":{"line":24,"column":11},"end":{"line":32,"column":5}},"type":"if","locations":[{"start":{"line":24,"column":11},"end":{"line":32,"column":5}},{"start":{"line":24,"column":11},"end":{"line":32,"column":5}}],"line":24},"7":{"loc":{"start":{"line":24,"column":15},"end":{"line":24,"column":54}},"type":"binary-expr","locations":[{"start":{"line":24,"column":15},"end":{"line":24,"column":38}},{"start":{"line":24,"column":42},"end":{"line":24,"column":54}}],"line":24},"8":{"loc":{"start":{"line":26,"column":11},"end":{"line":32,"column":5}},"type":"if","locations":[{"start":{"line":26,"column":11},"end":{"line":32,"column":5}},{"start":{"line":26,"column":11},"end":{"line":32,"column":5}}],"line":26},"9":{"loc":{"start":{"line":26,"column":15},"end":{"line":26,"column":47}},"type":"binary-expr","locations":[{"start":{"line":26,"column":15},"end":{"line":26,"column":31}},{"start":{"line":26,"column":35},"end":{"line":26,"column":47}}],"line":26},"10":{"loc":{"start":{"line":28,"column":11},"end":{"line":32,"column":5}},"type":"if","locations":[{"start":{"line":28,"column":11},"end":{"line":32,"column":5}},{"start":{"line":28,"column":11},"end":{"line":32,"column":5}}],"line":28},"11":{"loc":{"start":{"line":28,"column":15},"end":{"line":28,"column":55}},"type":"binary-expr","locations":[{"start":{"line":28,"column":15},"end":{"line":28,"column":39}},{"start":{"line":28,"column":43},"end":{"line":28,"column":55}}],"line":28},"12":{"loc":{"start":{"line":30,"column":11},"end":{"line":32,"column":5}},"type":"if","locations":[{"start":{"line":30,"column":11},"end":{"line":32,"column":5}},{"start":{"line":30,"column":11},"end":{"line":32,"column":5}}],"line":30},"13":{"loc":{"start":{"line":30,"column":15},"end":{"line":30,"column":48}},"type":"binary-expr","locations":[{"start":{"line":30,"column":15},"end":{"line":30,"column":32}},{"start":{"line":30,"column":36},"end":{"line":30,"column":48}}],"line":30}},"s":{"0":1,"1":0,"2":0,"3":0,"4":0,"5":0,"6":0,"7":0,"8":0,"9":0,"10":0,"11":0,"12":0,"13":0,"14":0,"15":0,"16":0,"17":0,"18":0,"19":0},"f":{"0":0,"1":0,"2":0,"3":0},"b":{"0":[0,0],"1":[0,0],"2":[0,0],"3":[0,0],"4":[0,0],"5":[0,0],"6":[0,0],"7":[0,0],"8":[0,0],"9":[0,0],"10":[0,0],"11":[0,0],"12":[0,0],"13":[0,0]},"_coverageSchema":"1a1c01bbd47fc00a2c39e90264f33305004495a9","hash":"e974834807310161241fd3da269bca12fa2072c8"}
,"/home/evn/dev/DrugAddictionEXTENDED/webclient/src/components/QuestionnaireTable/TableData2.js": {"path":"/home/evn/dev/DrugAddictionEXTENDED/webclient/src/components/QuestionnaireTable/TableData2.js","statementMap":{"0":{"start":{"line":4,"column":16},"end":{"line":6,"column":1}},"1":{"start":{"line":8,"column":18},"end":{"line":14,"column":1}},"2":{"start":{"line":9,"column":2},"end":{"line":13,"column":4}}},"fnMap":{"0":{"name":"(anonymous_0)","decl":{"start":{"line":8,"column":18},"end":{"line":8,"column":19}},"loc":{"start":{"line":8,"column":37},"end":{"line":14,"column":1}},"line":8}},"branchMap":{},"s":{"0":0,"1":0,"2":0},"f":{"0":0},"b":{}}
,"/home/evn/dev/DrugAddictionEXTENDED/webclient/src/components/QuestionnaireTable/TableRowList.js": {"path":"/home/evn/dev/DrugAddictionEXTENDED/webclient/src/components/QuestionnaireTable/TableRowList.js","statementMap":{"0":{"start":{"line":4,"column":21},"end":{"line":25,"column":1}},"1":{"start":{"line":5,"column":10},"end":{"line":5,"column":11}},"2":{"start":{"line":6,"column":20},"end":{"line":22,"column":4}},"3":{"start":{"line":7,"column":4},"end":{"line":7,"column":8}},"4":{"start":{"line":8,"column":4},"end":{"line":21,"column":6}},"5":{"start":{"line":24,"column":2},"end":{"line":24,"column":19}}},"fnMap":{"0":{"name":"(anonymous_0)","decl":{"start":{"line":4,"column":21},"end":{"line":4,"column":22}},"loc":{"start":{"line":4,"column":32},"end":{"line":25,"column":1}},"line":4},"1":{"name":"(anonymous_1)","decl":{"start":{"line":6,"column":38},"end":{"line":6,"column":39}},"loc":{"start":{"line":6,"column":47},"end":{"line":22,"column":3}},"line":6}},"branchMap":{},"s":{"0":0,"1":0,"2":0,"3":0,"4":0,"5":0},"f":{"0":0,"1":0},"b":{}}
,"/home/evn/dev/DrugAddictionEXTENDED/webclient/src/junk/index.js": {"path":"/home/evn/dev/DrugAddictionEXTENDED/webclient/src/junk/index.js","statementMap":{"0":{"start":{"line":1,"column":19},"end":{"line":3,"column":1}},"1":{"start":{"line":2,"column":2},"end":{"line":2,"column":15}},"2":{"start":{"line":5,"column":24},"end":{"line":7,"column":1}},"3":{"start":{"line":6,"column":2},"end":{"line":6,"column":15}}},"fnMap":{"0":{"name":"(anonymous_0)","decl":{"start":{"line":1,"column":19},"end":{"line":1,"column":20}},"loc":{"start":{"line":1,"column":29},"end":{"line":3,"column":1}},"line":1},"1":{"name":"(anonymous_1)","decl":{"start":{"line":5,"column":24},"end":{"line":5,"column":25}},"loc":{"start":{"line":5,"column":34},"end":{"line":7,"column":1}},"line":5}},"branchMap":{},"s":{"0":1,"1":2,"2":1,"3":1},"f":{"0":2,"1":1},"b":{},"_coverageSchema":"1a1c01bbd47fc00a2c39e90264f33305004495a9","hash":"6df0a2e004d6e91da017165427c54b42a87fd914"}
}
